#-----------------------------------------------------------
# Vivado v2018.2 (64-bit)
# SW Build 2258646 on Thu Jun 14 20:03:12 MDT 2018
# IP Build 2256618 on Thu Jun 14 22:10:49 MDT 2018
# Start of session at: Tue Oct 18 19:46:22 2022
# Process ID: 10600
# Current directory: A:/STUDY_MAIN/5TH SEMESTER/Inform_technologies/Owb_processor_p2
# Command line: vivado.exe -gui_launcher_event rodinguilauncherevent13664 A:\STUDY_MAIN\5TH SEMESTER\Inform_technologies\Owb_processor_p2\Own_proc_p2.xpr
# Log file: A:/STUDY_MAIN/5TH SEMESTER/Inform_technologies/Owb_processor_p2/vivado.log
# Journal file: A:/STUDY_MAIN/5TH SEMESTER/Inform_technologies/Owb_processor_p2\vivado.jou
#-----------------------------------------------------------
start_gui
open_project {A:/STUDY_MAIN/5TH SEMESTER/Inform_technologies/Owb_processor_p2/Own_proc_p2.xpr}
Scanning sources...
Finished scanning sources
INFO: [IP_Flow 19-234] Refreshing IP repositories
INFO: [IP_Flow 19-1704] No user IP repositories specified
INFO: [IP_Flow 19-2313] Loaded Vivado IP repository 'A:/Programs/Vivado_2018/Vivado/2018.2/data/ip'.
update_compile_order -fileset sources_1
exit
INFO: [Common 17-206] Exiting Vivado at Tue Oct 18 19:50:52 2022...
